2019-09-21 11:25:08,461 [Worker-1] INFO  c.g.t.t.d.PublishedGradleVersions - Gradle version information cache is up-to-date. Trying to read.
2019-09-21 12:34:11,775 [Worker-14] INFO  o.e.m.c.i.p.ProjectConfigurationManager - Collecting project info '/pom.xml' C:\Users\SHweta\Desktop\workbenchEclipse\HotelBilling\pom.xml
2019-09-21 12:34:26,213 [Worker-14] INFO  o.e.m.c.i.l.LifecycleMappingFactory - Using org.eclipse.m2e.jdt.JarLifecycleMapping lifecycle mapping for MavenProject: com.ustglobal2.hotelbilling:HotelBilling:0.0.1-SNAPSHOT @ C:\Users\SHweta\Desktop\workbenchEclipse\HotelBilling\pom.xml.
2019-09-21 12:34:29,010 [Worker-14] INFO  o.e.m.j.i.AbstractJavaProjectConfigurator - Adding source folder /HotelBilling/src/main/java
2019-09-21 12:34:29,056 [Worker-14] INFO  o.e.m.j.i.AbstractJavaProjectConfigurator - Adding source folder /HotelBilling/src/test/java
2019-09-21 12:34:31,473 [Worker-14] INFO  o.e.m.c.i.p.ProjectConfigurationManager - Imported and configured 1 project(s) in 19 sec
2019-09-21 12:34:32,707 [Worker-15] INFO  o.e.m.c.i.embedder.EclipseLogger - Using 'UTF-8' encoding to copy filtered resources.
2019-09-21 12:34:32,707 [Worker-15] INFO  o.e.m.c.i.embedder.EclipseLogger - skip non existing resourceDirectory C:\Users\SHweta\Desktop\workbenchEclipse\HotelBilling\src\main\resources
2019-09-21 12:34:32,707 [Worker-15] INFO  o.e.m.c.i.embedder.EclipseLogger - Using 'UTF-8' encoding to copy filtered resources.
2019-09-21 12:34:32,707 [Worker-15] INFO  o.e.m.c.i.embedder.EclipseLogger - skip non existing resourceDirectory C:\Users\SHweta\Desktop\workbenchEclipse\HotelBilling\src\test\resources
2019-09-21 12:40:15,760 [Worker-17] INFO  o.e.m.c.i.embedder.EclipseLogger - Using 'UTF-8' encoding to copy filtered resources.
2019-09-21 12:40:15,760 [Worker-17] INFO  o.e.m.c.i.embedder.EclipseLogger - skip non existing resourceDirectory C:\Users\SHweta\Desktop\workbenchEclipse\HotelBilling\src\main\resources
2019-09-21 12:40:15,776 [Worker-17] INFO  o.e.m.c.i.embedder.EclipseLogger - Using 'UTF-8' encoding to copy filtered resources.
2019-09-21 12:40:15,776 [Worker-17] INFO  o.e.m.c.i.embedder.EclipseLogger - skip non existing resourceDirectory C:\Users\SHweta\Desktop\workbenchEclipse\HotelBilling\src\test\resources
2019-09-21 12:40:49,727 [Worker-20] INFO  o.e.m.c.i.embedder.EclipseLogger - Using 'UTF-8' encoding to copy filtered resources.
2019-09-21 12:40:49,727 [Worker-20] INFO  o.e.m.c.i.embedder.EclipseLogger - skip non existing resourceDirectory C:\Users\SHweta\Desktop\workbenchEclipse\HotelBilling\src\main\resources
2019-09-21 12:40:49,743 [Worker-20] INFO  o.e.m.c.i.embedder.EclipseLogger - Using 'UTF-8' encoding to copy filtered resources.
2019-09-21 12:40:49,743 [Worker-20] INFO  o.e.m.c.i.embedder.EclipseLogger - skip non existing resourceDirectory C:\Users\SHweta\Desktop\workbenchEclipse\HotelBilling\src\test\resources
2019-09-21 12:41:03,452 [Worker-22] INFO  o.e.m.c.i.embedder.EclipseLogger - Using 'UTF-8' encoding to copy filtered resources.
2019-09-21 12:41:03,452 [Worker-22] INFO  o.e.m.c.i.embedder.EclipseLogger - skip non existing resourceDirectory C:\Users\SHweta\Desktop\workbenchEclipse\HotelBilling\src\main\resources
2019-09-21 12:41:04,147 [Worker-22] INFO  o.e.m.c.i.embedder.EclipseLogger - Using 'UTF-8' encoding to copy filtered resources.
2019-09-21 12:41:04,163 [Worker-22] INFO  o.e.m.c.i.embedder.EclipseLogger - skip non existing resourceDirectory C:\Users\SHweta\Desktop\workbenchEclipse\HotelBilling\src\test\resources
2019-09-21 12:41:25,749 [Worker-21] INFO  o.e.m.c.i.embedder.EclipseLogger - Using 'UTF-8' encoding to copy filtered resources.
2019-09-21 12:41:25,749 [Worker-21] INFO  o.e.m.c.i.embedder.EclipseLogger - skip non existing resourceDirectory C:\Users\SHweta\Desktop\workbenchEclipse\HotelBilling\src\main\resources
2019-09-21 12:41:25,874 [Worker-21] INFO  o.e.m.c.i.embedder.EclipseLogger - Using 'UTF-8' encoding to copy filtered resources.
2019-09-21 12:41:25,890 [Worker-21] INFO  o.e.m.c.i.embedder.EclipseLogger - skip non existing resourceDirectory C:\Users\SHweta\Desktop\workbenchEclipse\HotelBilling\src\test\resources
2019-09-21 12:42:01,480 [Worker-22] INFO  o.e.m.c.i.embedder.EclipseLogger - Using 'UTF-8' encoding to copy filtered resources.
2019-09-21 12:42:01,480 [Worker-22] INFO  o.e.m.c.i.embedder.EclipseLogger - skip non existing resourceDirectory C:\Users\SHweta\Desktop\workbenchEclipse\HotelBilling\src\main\resources
2019-09-21 12:42:01,496 [Worker-22] INFO  o.e.m.c.i.embedder.EclipseLogger - Using 'UTF-8' encoding to copy filtered resources.
2019-09-21 12:42:01,527 [Worker-22] INFO  o.e.m.c.i.embedder.EclipseLogger - skip non existing resourceDirectory C:\Users\SHweta\Desktop\workbenchEclipse\HotelBilling\src\test\resources
2019-09-21 12:43:21,811 [Worker-20] INFO  o.e.m.c.i.l.LifecycleMappingFactory - Using org.eclipse.m2e.jdt.JarLifecycleMapping lifecycle mapping for MavenProject: com.ustglobal2.hotelbilling:HotelBilling:0.0.1-SNAPSHOT @ C:\Users\SHweta\Desktop\workbenchEclipse\HotelBilling\pom.xml.
2019-09-21 12:43:35,607 [Worker-20] INFO  o.e.m.c.i.embedder.EclipseLogger - Using 'UTF-8' encoding to copy filtered resources.
2019-09-21 12:43:35,623 [Worker-20] INFO  o.e.m.c.i.embedder.EclipseLogger - skip non existing resourceDirectory C:\Users\SHweta\Desktop\workbenchEclipse\HotelBilling\src\main\resources
2019-09-21 12:43:35,638 [Worker-20] INFO  o.e.m.c.i.embedder.EclipseLogger - Using 'UTF-8' encoding to copy filtered resources.
2019-09-21 12:43:35,654 [Worker-20] INFO  o.e.m.c.i.embedder.EclipseLogger - skip non existing resourceDirectory C:\Users\SHweta\Desktop\workbenchEclipse\HotelBilling\src\test\resources
2019-09-21 12:43:40,701 [Worker-21] INFO  o.e.m.c.i.embedder.EclipseLogger - Using 'UTF-8' encoding to copy filtered resources.
2019-09-21 12:43:40,732 [Worker-21] INFO  o.e.m.c.i.embedder.EclipseLogger - skip non existing resourceDirectory C:\Users\SHweta\Desktop\workbenchEclipse\HotelBilling\src\main\resources
2019-09-21 12:43:40,810 [Worker-21] INFO  o.e.m.c.i.embedder.EclipseLogger - Using 'UTF-8' encoding to copy filtered resources.
2019-09-21 12:43:40,919 [Worker-21] INFO  o.e.m.c.i.embedder.EclipseLogger - skip non existing resourceDirectory C:\Users\SHweta\Desktop\workbenchEclipse\HotelBilling\src\test\resources
2019-09-21 12:43:45,673 [Worker-15] INFO  o.e.m.c.i.embedder.EclipseLogger - Using 'UTF-8' encoding to copy filtered resources.
2019-09-21 12:43:45,704 [Worker-15] INFO  o.e.m.c.i.embedder.EclipseLogger - skip non existing resourceDirectory C:\Users\SHweta\Desktop\workbenchEclipse\HotelBilling\src\main\resources
2019-09-21 12:43:45,720 [Worker-15] INFO  o.e.m.c.i.embedder.EclipseLogger - Using 'UTF-8' encoding to copy filtered resources.
2019-09-21 12:43:45,735 [Worker-15] INFO  o.e.m.c.i.embedder.EclipseLogger - skip non existing resourceDirectory C:\Users\SHweta\Desktop\workbenchEclipse\HotelBilling\src\test\resources
2019-09-21 12:46:21,346 [Worker-19] INFO  o.e.m.c.i.embedder.EclipseLogger - Using 'UTF-8' encoding to copy filtered resources.
2019-09-21 12:46:21,643 [Worker-19] INFO  o.e.m.c.i.embedder.EclipseLogger - skip non existing resourceDirectory C:\Users\SHweta\Desktop\workbenchEclipse\HotelBilling\src\main\resources
2019-09-21 12:46:21,706 [Worker-19] INFO  o.e.m.c.i.embedder.EclipseLogger - Using 'UTF-8' encoding to copy filtered resources.
2019-09-21 12:46:21,784 [Worker-19] INFO  o.e.m.c.i.embedder.EclipseLogger - skip non existing resourceDirectory C:\Users\SHweta\Desktop\workbenchEclipse\HotelBilling\src\test\resources
2019-09-21 12:47:10,661 [Worker-19] INFO  o.e.m.c.i.embedder.EclipseLogger - Using 'UTF-8' encoding to copy filtered resources.
2019-09-21 12:47:10,693 [Worker-19] INFO  o.e.m.c.i.embedder.EclipseLogger - skip non existing resourceDirectory C:\Users\SHweta\Desktop\workbenchEclipse\HotelBilling\src\main\resources
2019-09-21 12:47:10,724 [Worker-19] INFO  o.e.m.c.i.embedder.EclipseLogger - Using 'UTF-8' encoding to copy filtered resources.
2019-09-21 12:47:10,755 [Worker-19] INFO  o.e.m.c.i.embedder.EclipseLogger - skip non existing resourceDirectory C:\Users\SHweta\Desktop\workbenchEclipse\HotelBilling\src\test\resources
2019-09-21 12:47:36,177 [Worker-19] INFO  o.e.m.c.i.embedder.EclipseLogger - Using 'UTF-8' encoding to copy filtered resources.
2019-09-21 12:47:36,583 [Worker-19] INFO  o.e.m.c.i.embedder.EclipseLogger - skip non existing resourceDirectory C:\Users\SHweta\Desktop\workbenchEclipse\HotelBilling\src\main\resources
2019-09-21 12:47:36,614 [Worker-19] INFO  o.e.m.c.i.embedder.EclipseLogger - Using 'UTF-8' encoding to copy filtered resources.
2019-09-21 12:47:36,645 [Worker-19] INFO  o.e.m.c.i.embedder.EclipseLogger - skip non existing resourceDirectory C:\Users\SHweta\Desktop\workbenchEclipse\HotelBilling\src\test\resources
2019-09-21 12:48:16,095 [Worker-23] INFO  o.e.m.c.i.embedder.EclipseLogger - Using 'UTF-8' encoding to copy filtered resources.
2019-09-21 12:48:16,408 [Worker-23] INFO  o.e.m.c.i.embedder.EclipseLogger - skip non existing resourceDirectory C:\Users\SHweta\Desktop\workbenchEclipse\HotelBilling\src\main\resources
2019-09-21 12:48:16,423 [Worker-23] INFO  o.e.m.c.i.embedder.EclipseLogger - Using 'UTF-8' encoding to copy filtered resources.
2019-09-21 12:48:16,439 [Worker-23] INFO  o.e.m.c.i.embedder.EclipseLogger - skip non existing resourceDirectory C:\Users\SHweta\Desktop\workbenchEclipse\HotelBilling\src\test\resources
2019-09-21 12:48:59,146 [Worker-19] INFO  o.e.m.c.i.embedder.EclipseLogger - Using 'UTF-8' encoding to copy filtered resources.
2019-09-21 12:48:59,209 [Worker-19] INFO  o.e.m.c.i.embedder.EclipseLogger - skip non existing resourceDirectory C:\Users\SHweta\Desktop\workbenchEclipse\HotelBilling\src\main\resources
2019-09-21 12:48:59,256 [Worker-19] INFO  o.e.m.c.i.embedder.EclipseLogger - Using 'UTF-8' encoding to copy filtered resources.
2019-09-21 12:48:59,302 [Worker-19] INFO  o.e.m.c.i.embedder.EclipseLogger - skip non existing resourceDirectory C:\Users\SHweta\Desktop\workbenchEclipse\HotelBilling\src\test\resources
2019-09-21 12:49:00,959 [Worker-23] INFO  o.e.m.c.i.embedder.EclipseLogger - Using 'UTF-8' encoding to copy filtered resources.
2019-09-21 12:49:01,052 [Worker-23] INFO  o.e.m.c.i.embedder.EclipseLogger - skip non existing resourceDirectory C:\Users\SHweta\Desktop\workbenchEclipse\HotelBilling\src\main\resources
2019-09-21 12:49:01,068 [Worker-23] INFO  o.e.m.c.i.embedder.EclipseLogger - Using 'UTF-8' encoding to copy filtered resources.
2019-09-21 12:49:01,224 [Worker-23] INFO  o.e.m.c.i.embedder.EclipseLogger - skip non existing resourceDirectory C:\Users\SHweta\Desktop\workbenchEclipse\HotelBilling\src\test\resources
2019-09-21 12:51:00,662 [Worker-20] INFO  o.e.m.c.i.embedder.EclipseLogger - Using 'UTF-8' encoding to copy filtered resources.
2019-09-21 12:51:00,724 [Worker-20] INFO  o.e.m.c.i.embedder.EclipseLogger - skip non existing resourceDirectory C:\Users\SHweta\Desktop\workbenchEclipse\HotelBilling\src\main\resources
2019-09-21 12:51:00,740 [Worker-20] INFO  o.e.m.c.i.embedder.EclipseLogger - Using 'UTF-8' encoding to copy filtered resources.
2019-09-21 12:51:00,755 [Worker-20] INFO  o.e.m.c.i.embedder.EclipseLogger - skip non existing resourceDirectory C:\Users\SHweta\Desktop\workbenchEclipse\HotelBilling\src\test\resources
2019-09-21 12:51:49,185 [Worker-17] INFO  o.e.m.c.i.embedder.EclipseLogger - Using 'UTF-8' encoding to copy filtered resources.
2019-09-21 12:51:49,216 [Worker-17] INFO  o.e.m.c.i.embedder.EclipseLogger - skip non existing resourceDirectory C:\Users\SHweta\Desktop\workbenchEclipse\HotelBilling\src\main\resources
2019-09-21 12:51:49,248 [Worker-17] INFO  o.e.m.c.i.embedder.EclipseLogger - Using 'UTF-8' encoding to copy filtered resources.
2019-09-21 12:51:49,263 [Worker-17] INFO  o.e.m.c.i.embedder.EclipseLogger - skip non existing resourceDirectory C:\Users\SHweta\Desktop\workbenchEclipse\HotelBilling\src\test\resources
2019-09-21 12:52:27,672 [Worker-17] INFO  o.e.m.c.i.embedder.EclipseLogger - Using 'UTF-8' encoding to copy filtered resources.
2019-09-21 12:52:27,797 [Worker-17] INFO  o.e.m.c.i.embedder.EclipseLogger - skip non existing resourceDirectory C:\Users\SHweta\Desktop\workbenchEclipse\HotelBilling\src\main\resources
2019-09-21 12:52:28,312 [Worker-17] INFO  o.e.m.c.i.embedder.EclipseLogger - Using 'UTF-8' encoding to copy filtered resources.
2019-09-21 12:52:28,359 [Worker-17] INFO  o.e.m.c.i.embedder.EclipseLogger - skip non existing resourceDirectory C:\Users\SHweta\Desktop\workbenchEclipse\HotelBilling\src\test\resources
2019-09-21 12:53:11,737 [Worker-23] INFO  o.e.m.c.i.embedder.EclipseLogger - Using 'UTF-8' encoding to copy filtered resources.
2019-09-21 12:53:11,846 [Worker-23] INFO  o.e.m.c.i.embedder.EclipseLogger - skip non existing resourceDirectory C:\Users\SHweta\Desktop\workbenchEclipse\HotelBilling\src\main\resources
2019-09-21 12:53:11,893 [Worker-23] INFO  o.e.m.c.i.embedder.EclipseLogger - Using 'UTF-8' encoding to copy filtered resources.
2019-09-21 12:53:11,971 [Worker-23] INFO  o.e.m.c.i.embedder.EclipseLogger - skip non existing resourceDirectory C:\Users\SHweta\Desktop\workbenchEclipse\HotelBilling\src\test\resources
2019-09-21 12:53:27,115 [Worker-23] INFO  o.e.m.c.i.embedder.EclipseLogger - Using 'UTF-8' encoding to copy filtered resources.
2019-09-21 12:53:27,131 [Worker-23] INFO  o.e.m.c.i.embedder.EclipseLogger - skip non existing resourceDirectory C:\Users\SHweta\Desktop\workbenchEclipse\HotelBilling\src\main\resources
2019-09-21 12:53:27,147 [Worker-23] INFO  o.e.m.c.i.embedder.EclipseLogger - Using 'UTF-8' encoding to copy filtered resources.
2019-09-21 12:53:27,162 [Worker-23] INFO  o.e.m.c.i.embedder.EclipseLogger - skip non existing resourceDirectory C:\Users\SHweta\Desktop\workbenchEclipse\HotelBilling\src\test\resources
2019-09-21 12:53:41,613 [Worker-22] INFO  o.e.m.c.i.embedder.EclipseLogger - Using 'UTF-8' encoding to copy filtered resources.
2019-09-21 12:53:41,644 [Worker-22] INFO  o.e.m.c.i.embedder.EclipseLogger - skip non existing resourceDirectory C:\Users\SHweta\Desktop\workbenchEclipse\HotelBilling\src\main\resources
2019-09-21 12:53:41,676 [Worker-22] INFO  o.e.m.c.i.embedder.EclipseLogger - Using 'UTF-8' encoding to copy filtered resources.
2019-09-21 12:53:41,676 [Worker-22] INFO  o.e.m.c.i.embedder.EclipseLogger - skip non existing resourceDirectory C:\Users\SHweta\Desktop\workbenchEclipse\HotelBilling\src\test\resources
2019-09-21 12:54:40,455 [Worker-21] INFO  o.e.m.c.i.embedder.EclipseLogger - Using 'UTF-8' encoding to copy filtered resources.
2019-09-21 12:54:41,517 [Worker-21] INFO  o.e.m.c.i.embedder.EclipseLogger - skip non existing resourceDirectory C:\Users\SHweta\Desktop\workbenchEclipse\HotelBilling\src\main\resources
2019-09-21 12:54:41,798 [Worker-21] INFO  o.e.m.c.i.embedder.EclipseLogger - Using 'UTF-8' encoding to copy filtered resources.
2019-09-21 12:54:41,861 [Worker-21] INFO  o.e.m.c.i.embedder.EclipseLogger - skip non existing resourceDirectory C:\Users\SHweta\Desktop\workbenchEclipse\HotelBilling\src\test\resources
2019-09-21 12:57:41,502 [Worker-20] INFO  o.e.m.c.i.embedder.EclipseLogger - Using 'UTF-8' encoding to copy filtered resources.
2019-09-21 12:57:41,611 [Worker-20] INFO  o.e.m.c.i.embedder.EclipseLogger - skip non existing resourceDirectory C:\Users\SHweta\Desktop\workbenchEclipse\HotelBilling\src\main\resources
2019-09-21 12:57:41,627 [Worker-20] INFO  o.e.m.c.i.embedder.EclipseLogger - Using 'UTF-8' encoding to copy filtered resources.
2019-09-21 12:57:41,658 [Worker-20] INFO  o.e.m.c.i.embedder.EclipseLogger - skip non existing resourceDirectory C:\Users\SHweta\Desktop\workbenchEclipse\HotelBilling\src\test\resources
2019-09-21 12:58:56,029 [Worker-20] INFO  o.e.m.c.i.embedder.EclipseLogger - Using 'UTF-8' encoding to copy filtered resources.
2019-09-21 12:58:56,451 [Worker-20] INFO  o.e.m.c.i.embedder.EclipseLogger - skip non existing resourceDirectory C:\Users\SHweta\Desktop\workbenchEclipse\HotelBilling\src\main\resources
2019-09-21 12:58:56,576 [Worker-20] INFO  o.e.m.c.i.embedder.EclipseLogger - Using 'UTF-8' encoding to copy filtered resources.
2019-09-21 12:58:56,748 [Worker-20] INFO  o.e.m.c.i.embedder.EclipseLogger - skip non existing resourceDirectory C:\Users\SHweta\Desktop\workbenchEclipse\HotelBilling\src\test\resources
2019-09-21 12:59:47,289 [Worker-22] INFO  o.e.m.c.i.embedder.EclipseLogger - Using 'UTF-8' encoding to copy filtered resources.
2019-09-21 12:59:47,336 [Worker-22] INFO  o.e.m.c.i.embedder.EclipseLogger - skip non existing resourceDirectory C:\Users\SHweta\Desktop\workbenchEclipse\HotelBilling\src\main\resources
2019-09-21 12:59:47,352 [Worker-22] INFO  o.e.m.c.i.embedder.EclipseLogger - Using 'UTF-8' encoding to copy filtered resources.
2019-09-21 12:59:47,367 [Worker-22] INFO  o.e.m.c.i.embedder.EclipseLogger - skip non existing resourceDirectory C:\Users\SHweta\Desktop\workbenchEclipse\HotelBilling\src\test\resources
2019-09-21 13:00:03,485 [Worker-17] INFO  o.e.m.c.i.embedder.EclipseLogger - Using 'UTF-8' encoding to copy filtered resources.
2019-09-21 13:00:04,204 [Worker-17] INFO  o.e.m.c.i.embedder.EclipseLogger - skip non existing resourceDirectory C:\Users\SHweta\Desktop\workbenchEclipse\HotelBilling\src\main\resources
2019-09-21 13:00:04,298 [Worker-17] INFO  o.e.m.c.i.embedder.EclipseLogger - Using 'UTF-8' encoding to copy filtered resources.
2019-09-21 13:00:04,329 [Worker-17] INFO  o.e.m.c.i.embedder.EclipseLogger - skip non existing resourceDirectory C:\Users\SHweta\Desktop\workbenchEclipse\HotelBilling\src\test\resources
2019-09-21 13:01:48,220 [Worker-21] WARN  o.e.r.models.ModelRepository - Failed to download org.eclipse.recommenders:index::zip:0.0.0
org.eclipse.aether.resolution.ArtifactResolutionException: Could not find artifact org.eclipse.recommenders:index:zip:0.0.0-SNAPSHOT in models (http://download.eclipse.org/recommenders/models/oxygen/)
	at org.eclipse.aether.internal.impl.DefaultArtifactResolver.resolve(DefaultArtifactResolver.java:453) ~[na:na]
	at org.eclipse.aether.internal.impl.DefaultArtifactResolver.resolveArtifacts(DefaultArtifactResolver.java:255) ~[na:na]
	at org.eclipse.aether.internal.impl.DefaultArtifactResolver.resolveArtifact(DefaultArtifactResolver.java:232) ~[na:na]
	at org.eclipse.aether.internal.impl.DefaultRepositorySystem.resolveArtifact(DefaultRepositorySystem.java:303) ~[na:na]
	at org.eclipse.recommenders.models.ModelRepository.resolveInternal(ModelRepository.java:193) [org.eclipse.recommenders.models_2.5.2.v20180401-1226.jar:na]
	at org.eclipse.recommenders.models.ModelRepository.resolve(ModelRepository.java:172) [org.eclipse.recommenders.models_2.5.2.v20180401-1226.jar:na]
	at org.eclipse.recommenders.internal.models.rcp.EclipseModelRepository.resolve(EclipseModelRepository.java:168) [org.eclipse.recommenders.models.rcp_2.5.2.v20180401-1226.jar:na]
	at org.eclipse.recommenders.internal.models.rcp.DownloadModelArchiveJob.run(DownloadModelArchiveJob.java:76) [org.eclipse.recommenders.models.rcp_2.5.2.v20180401-1226.jar:na]
	at org.eclipse.core.internal.jobs.Worker.run(Worker.java:56) [org.eclipse.core.jobs_3.9.3.v20180115-1757.jar:na]
Caused by: org.eclipse.aether.transfer.ArtifactNotFoundException: Could not find artifact org.eclipse.recommenders:index:zip:0.0.0-SNAPSHOT in models (http://download.eclipse.org/recommenders/models/oxygen/)
	at org.eclipse.aether.connector.basic.ArtifactTransportListener.transferFailed(ArtifactTransportListener.java:48) ~[org.apache.maven.resolver.connector.basic_1.0.3.v20170405-0725.jar:1.0.3]
	at org.eclipse.aether.connector.basic.BasicRepositoryConnector$TaskRunner.run(BasicRepositoryConnector.java:364) ~[org.apache.maven.resolver.connector.basic_1.0.3.v20170405-0725.jar:1.0.3]
	at org.eclipse.aether.util.concurrency.RunnableErrorForwarder$1.run(RunnableErrorForwarder.java:76) ~[na:na]
	at org.eclipse.aether.connector.basic.BasicRepositoryConnector$DirectExecutor.execute(BasicRepositoryConnector.java:590) ~[org.apache.maven.resolver.connector.basic_1.0.3.v20170405-0725.jar:1.0.3]
	at org.eclipse.aether.connector.basic.BasicRepositoryConnector.get(BasicRepositoryConnector.java:258) ~[org.apache.maven.resolver.connector.basic_1.0.3.v20170405-0725.jar:1.0.3]
	at org.eclipse.aether.internal.impl.DefaultArtifactResolver.performDownloads(DefaultArtifactResolver.java:529) ~[na:na]
	at org.eclipse.aether.internal.impl.DefaultArtifactResolver.resolve(DefaultArtifactResolver.java:430) ~[na:na]
	... 8 common frames omitted
2019-09-21 13:03:52,752 [Worker-21] INFO  o.e.m.c.i.embedder.EclipseLogger - Using 'UTF-8' encoding to copy filtered resources.
2019-09-21 13:03:52,768 [Worker-21] INFO  o.e.m.c.i.embedder.EclipseLogger - skip non existing resourceDirectory C:\Users\SHweta\Desktop\workbenchEclipse\HotelBilling\src\main\resources
2019-09-21 13:03:52,799 [Worker-21] INFO  o.e.m.c.i.embedder.EclipseLogger - Using 'UTF-8' encoding to copy filtered resources.
2019-09-21 13:03:52,799 [Worker-21] INFO  o.e.m.c.i.embedder.EclipseLogger - skip non existing resourceDirectory C:\Users\SHweta\Desktop\workbenchEclipse\HotelBilling\src\test\resources
2019-09-21 13:05:37,168 [Worker-23] INFO  o.e.m.c.i.embedder.EclipseLogger - Using 'UTF-8' encoding to copy filtered resources.
2019-09-21 13:05:37,168 [Worker-23] INFO  o.e.m.c.i.embedder.EclipseLogger - skip non existing resourceDirectory C:\Users\SHweta\Desktop\workbenchEclipse\HotelBilling\src\main\resources
2019-09-21 13:05:37,168 [Worker-23] INFO  o.e.m.c.i.embedder.EclipseLogger - Using 'UTF-8' encoding to copy filtered resources.
2019-09-21 13:05:37,168 [Worker-23] INFO  o.e.m.c.i.embedder.EclipseLogger - skip non existing resourceDirectory C:\Users\SHweta\Desktop\workbenchEclipse\HotelBilling\src\test\resources
2019-09-21 13:06:23,915 [Worker-23] INFO  o.e.m.c.i.embedder.EclipseLogger - Using 'UTF-8' encoding to copy filtered resources.
2019-09-21 13:06:23,931 [Worker-23] INFO  o.e.m.c.i.embedder.EclipseLogger - skip non existing resourceDirectory C:\Users\SHweta\Desktop\workbenchEclipse\HotelBilling\src\main\resources
2019-09-21 13:06:23,947 [Worker-23] INFO  o.e.m.c.i.embedder.EclipseLogger - Using 'UTF-8' encoding to copy filtered resources.
2019-09-21 13:06:23,947 [Worker-23] INFO  o.e.m.c.i.embedder.EclipseLogger - skip non existing resourceDirectory C:\Users\SHweta\Desktop\workbenchEclipse\HotelBilling\src\test\resources
2019-09-21 13:06:29,716 [Worker-17] INFO  o.e.m.c.i.embedder.EclipseLogger - Using 'UTF-8' encoding to copy filtered resources.
2019-09-21 13:06:29,716 [Worker-17] INFO  o.e.m.c.i.embedder.EclipseLogger - skip non existing resourceDirectory C:\Users\SHweta\Desktop\workbenchEclipse\HotelBilling\src\main\resources
2019-09-21 13:06:29,716 [Worker-17] INFO  o.e.m.c.i.embedder.EclipseLogger - Using 'UTF-8' encoding to copy filtered resources.
2019-09-21 13:06:29,716 [Worker-17] INFO  o.e.m.c.i.embedder.EclipseLogger - skip non existing resourceDirectory C:\Users\SHweta\Desktop\workbenchEclipse\HotelBilling\src\test\resources
2019-09-21 13:07:12,001 [Worker-15] INFO  o.e.m.c.i.embedder.EclipseLogger - Using 'UTF-8' encoding to copy filtered resources.
2019-09-21 13:07:12,064 [Worker-15] INFO  o.e.m.c.i.embedder.EclipseLogger - skip non existing resourceDirectory C:\Users\SHweta\Desktop\workbenchEclipse\HotelBilling\src\main\resources
2019-09-21 13:07:12,626 [Worker-15] INFO  o.e.m.c.i.embedder.EclipseLogger - Using 'UTF-8' encoding to copy filtered resources.
2019-09-21 13:07:12,626 [Worker-15] INFO  o.e.m.c.i.embedder.EclipseLogger - skip non existing resourceDirectory C:\Users\SHweta\Desktop\workbenchEclipse\HotelBilling\src\test\resources
2019-09-21 13:12:01,761 [Worker-15] INFO  o.e.m.c.i.embedder.EclipseLogger - Using 'UTF-8' encoding to copy filtered resources.
2019-09-21 13:12:01,761 [Worker-15] INFO  o.e.m.c.i.embedder.EclipseLogger - skip non existing resourceDirectory C:\Users\SHweta\Desktop\workbenchEclipse\HotelBilling\src\main\resources
2019-09-21 13:12:01,917 [Worker-15] INFO  o.e.m.c.i.embedder.EclipseLogger - Using 'UTF-8' encoding to copy filtered resources.
2019-09-21 13:12:01,980 [Worker-15] INFO  o.e.m.c.i.embedder.EclipseLogger - skip non existing resourceDirectory C:\Users\SHweta\Desktop\workbenchEclipse\HotelBilling\src\test\resources
2019-09-21 13:16:27,343 [Worker-20] INFO  o.e.m.c.i.embedder.EclipseLogger - Using 'UTF-8' encoding to copy filtered resources.
2019-09-21 13:16:27,343 [Worker-20] INFO  o.e.m.c.i.embedder.EclipseLogger - skip non existing resourceDirectory C:\Users\SHweta\Desktop\workbenchEclipse\HotelBilling\src\main\resources
2019-09-21 13:16:27,390 [Worker-20] INFO  o.e.m.c.i.embedder.EclipseLogger - Using 'UTF-8' encoding to copy filtered resources.
2019-09-21 13:16:27,406 [Worker-20] INFO  o.e.m.c.i.embedder.EclipseLogger - skip non existing resourceDirectory C:\Users\SHweta\Desktop\workbenchEclipse\HotelBilling\src\test\resources
2019-09-21 13:16:46,929 [Worker-17] INFO  o.e.m.c.i.embedder.EclipseLogger - Using 'UTF-8' encoding to copy filtered resources.
2019-09-21 13:16:46,929 [Worker-17] INFO  o.e.m.c.i.embedder.EclipseLogger - skip non existing resourceDirectory C:\Users\SHweta\Desktop\workbenchEclipse\HotelBilling\src\main\resources
2019-09-21 13:16:46,960 [Worker-17] INFO  o.e.m.c.i.embedder.EclipseLogger - Using 'UTF-8' encoding to copy filtered resources.
2019-09-21 13:16:46,960 [Worker-17] INFO  o.e.m.c.i.embedder.EclipseLogger - skip non existing resourceDirectory C:\Users\SHweta\Desktop\workbenchEclipse\HotelBilling\src\test\resources
2019-09-21 13:20:21,270 [Worker-17] INFO  o.e.m.c.i.embedder.EclipseLogger - Using 'UTF-8' encoding to copy filtered resources.
2019-09-21 13:20:21,270 [Worker-17] INFO  o.e.m.c.i.embedder.EclipseLogger - skip non existing resourceDirectory C:\Users\SHweta\Desktop\workbenchEclipse\HotelBilling\src\main\resources
2019-09-21 13:20:21,286 [Worker-17] INFO  o.e.m.c.i.embedder.EclipseLogger - Using 'UTF-8' encoding to copy filtered resources.
2019-09-21 13:20:21,286 [Worker-17] INFO  o.e.m.c.i.embedder.EclipseLogger - skip non existing resourceDirectory C:\Users\SHweta\Desktop\workbenchEclipse\HotelBilling\src\test\resources
2019-09-21 13:22:47,083 [Worker-20] INFO  o.e.m.c.i.embedder.EclipseLogger - Using 'UTF-8' encoding to copy filtered resources.
2019-09-21 13:22:47,083 [Worker-20] INFO  o.e.m.c.i.embedder.EclipseLogger - skip non existing resourceDirectory C:\Users\SHweta\Desktop\workbenchEclipse\HotelBilling\src\main\resources
2019-09-21 13:22:47,083 [Worker-20] INFO  o.e.m.c.i.embedder.EclipseLogger - Using 'UTF-8' encoding to copy filtered resources.
2019-09-21 13:22:47,083 [Worker-20] INFO  o.e.m.c.i.embedder.EclipseLogger - skip non existing resourceDirectory C:\Users\SHweta\Desktop\workbenchEclipse\HotelBilling\src\test\resources
2019-09-21 13:22:58,089 [Worker-19] INFO  o.e.m.c.i.embedder.EclipseLogger - Using 'UTF-8' encoding to copy filtered resources.
2019-09-21 13:22:58,104 [Worker-19] INFO  o.e.m.c.i.embedder.EclipseLogger - skip non existing resourceDirectory C:\Users\SHweta\Desktop\workbenchEclipse\HotelBilling\src\main\resources
2019-09-21 13:22:58,120 [Worker-19] INFO  o.e.m.c.i.embedder.EclipseLogger - Using 'UTF-8' encoding to copy filtered resources.
2019-09-21 13:22:58,120 [Worker-19] INFO  o.e.m.c.i.embedder.EclipseLogger - skip non existing resourceDirectory C:\Users\SHweta\Desktop\workbenchEclipse\HotelBilling\src\test\resources
2019-09-21 13:27:17,213 [Worker-24] INFO  o.e.m.c.i.embedder.EclipseLogger - Using 'UTF-8' encoding to copy filtered resources.
2019-09-21 13:27:17,213 [Worker-24] INFO  o.e.m.c.i.embedder.EclipseLogger - skip non existing resourceDirectory C:\Users\SHweta\Desktop\workbenchEclipse\HotelBilling\src\main\resources
2019-09-21 13:27:17,244 [Worker-24] INFO  o.e.m.c.i.embedder.EclipseLogger - Using 'UTF-8' encoding to copy filtered resources.
2019-09-21 13:27:17,244 [Worker-24] INFO  o.e.m.c.i.embedder.EclipseLogger - skip non existing resourceDirectory C:\Users\SHweta\Desktop\workbenchEclipse\HotelBilling\src\test\resources
2019-09-21 13:27:48,065 [Worker-15] INFO  o.e.m.c.i.embedder.EclipseLogger - Using 'UTF-8' encoding to copy filtered resources.
2019-09-21 13:27:48,096 [Worker-15] INFO  o.e.m.c.i.embedder.EclipseLogger - skip non existing resourceDirectory C:\Users\SHweta\Desktop\workbenchEclipse\HotelBilling\src\main\resources
2019-09-21 13:27:48,112 [Worker-15] INFO  o.e.m.c.i.embedder.EclipseLogger - Using 'UTF-8' encoding to copy filtered resources.
2019-09-21 13:27:48,112 [Worker-15] INFO  o.e.m.c.i.embedder.EclipseLogger - skip non existing resourceDirectory C:\Users\SHweta\Desktop\workbenchEclipse\HotelBilling\src\test\resources
2019-09-21 13:28:59,832 [Worker-17] INFO  o.e.m.c.i.embedder.EclipseLogger - Using 'UTF-8' encoding to copy filtered resources.
2019-09-21 13:28:59,832 [Worker-17] INFO  o.e.m.c.i.embedder.EclipseLogger - skip non existing resourceDirectory C:\Users\SHweta\Desktop\workbenchEclipse\HotelBilling\src\main\resources
2019-09-21 13:28:59,832 [Worker-17] INFO  o.e.m.c.i.embedder.EclipseLogger - Using 'UTF-8' encoding to copy filtered resources.
2019-09-21 13:28:59,832 [Worker-17] INFO  o.e.m.c.i.embedder.EclipseLogger - skip non existing resourceDirectory C:\Users\SHweta\Desktop\workbenchEclipse\HotelBilling\src\test\resources
2019-09-21 13:30:05,978 [Worker-19] INFO  o.e.m.c.i.embedder.EclipseLogger - Using 'UTF-8' encoding to copy filtered resources.
2019-09-21 13:30:05,994 [Worker-19] INFO  o.e.m.c.i.embedder.EclipseLogger - skip non existing resourceDirectory C:\Users\SHweta\Desktop\workbenchEclipse\HotelBilling\src\main\resources
2019-09-21 13:30:06,025 [Worker-19] INFO  o.e.m.c.i.embedder.EclipseLogger - Using 'UTF-8' encoding to copy filtered resources.
2019-09-21 13:30:06,041 [Worker-19] INFO  o.e.m.c.i.embedder.EclipseLogger - skip non existing resourceDirectory C:\Users\SHweta\Desktop\workbenchEclipse\HotelBilling\src\test\resources
2019-09-21 13:31:56,656 [Worker-19] INFO  o.e.m.c.i.embedder.EclipseLogger - Using 'UTF-8' encoding to copy filtered resources.
2019-09-21 13:31:56,656 [Worker-19] INFO  o.e.m.c.i.embedder.EclipseLogger - skip non existing resourceDirectory C:\Users\SHweta\Desktop\workbenchEclipse\HotelBilling\src\main\resources
2019-09-21 13:31:56,672 [Worker-19] INFO  o.e.m.c.i.embedder.EclipseLogger - Using 'UTF-8' encoding to copy filtered resources.
2019-09-21 13:31:56,672 [Worker-19] INFO  o.e.m.c.i.embedder.EclipseLogger - skip non existing resourceDirectory C:\Users\SHweta\Desktop\workbenchEclipse\HotelBilling\src\test\resources
2019-09-21 13:40:24,068 [Worker-19] INFO  o.e.m.c.i.embedder.EclipseLogger - Using 'UTF-8' encoding to copy filtered resources.
2019-09-21 13:40:24,100 [Worker-19] INFO  o.e.m.c.i.embedder.EclipseLogger - skip non existing resourceDirectory C:\Users\SHweta\Desktop\workbenchEclipse\HotelBilling\src\main\resources
2019-09-21 13:40:24,115 [Worker-19] INFO  o.e.m.c.i.embedder.EclipseLogger - Using 'UTF-8' encoding to copy filtered resources.
2019-09-21 13:40:24,115 [Worker-19] INFO  o.e.m.c.i.embedder.EclipseLogger - skip non existing resourceDirectory C:\Users\SHweta\Desktop\workbenchEclipse\HotelBilling\src\test\resources
2019-09-21 13:42:42,321 [Worker-20] INFO  o.e.m.c.i.embedder.EclipseLogger - Using 'UTF-8' encoding to copy filtered resources.
2019-09-21 13:42:42,321 [Worker-20] INFO  o.e.m.c.i.embedder.EclipseLogger - skip non existing resourceDirectory C:\Users\SHweta\Desktop\workbenchEclipse\HotelBilling\src\main\resources
2019-09-21 13:42:42,321 [Worker-20] INFO  o.e.m.c.i.embedder.EclipseLogger - Using 'UTF-8' encoding to copy filtered resources.
2019-09-21 13:42:42,321 [Worker-20] INFO  o.e.m.c.i.embedder.EclipseLogger - skip non existing resourceDirectory C:\Users\SHweta\Desktop\workbenchEclipse\HotelBilling\src\test\resources
2019-09-21 13:43:09,968 [Worker-17] INFO  o.e.m.c.i.embedder.EclipseLogger - Using 'UTF-8' encoding to copy filtered resources.
2019-09-21 13:43:10,015 [Worker-17] INFO  o.e.m.c.i.embedder.EclipseLogger - skip non existing resourceDirectory C:\Users\SHweta\Desktop\workbenchEclipse\HotelBilling\src\main\resources
2019-09-21 13:43:10,046 [Worker-17] INFO  o.e.m.c.i.embedder.EclipseLogger - Using 'UTF-8' encoding to copy filtered resources.
2019-09-21 13:43:10,046 [Worker-17] INFO  o.e.m.c.i.embedder.EclipseLogger - skip non existing resourceDirectory C:\Users\SHweta\Desktop\workbenchEclipse\HotelBilling\src\test\resources
2019-09-21 13:44:43,874 [Worker-19] INFO  o.e.m.c.i.embedder.EclipseLogger - Using 'UTF-8' encoding to copy filtered resources.
2019-09-21 13:44:43,874 [Worker-19] INFO  o.e.m.c.i.embedder.EclipseLogger - skip non existing resourceDirectory C:\Users\SHweta\Desktop\workbenchEclipse\HotelBilling\src\main\resources
2019-09-21 13:44:43,874 [Worker-19] INFO  o.e.m.c.i.embedder.EclipseLogger - Using 'UTF-8' encoding to copy filtered resources.
2019-09-21 13:44:43,874 [Worker-19] INFO  o.e.m.c.i.embedder.EclipseLogger - skip non existing resourceDirectory C:\Users\SHweta\Desktop\workbenchEclipse\HotelBilling\src\test\resources
2019-09-21 13:45:22,056 [Worker-23] INFO  o.e.m.c.i.embedder.EclipseLogger - Using 'UTF-8' encoding to copy filtered resources.
2019-09-21 13:45:22,072 [Worker-23] INFO  o.e.m.c.i.embedder.EclipseLogger - skip non existing resourceDirectory C:\Users\SHweta\Desktop\workbenchEclipse\HotelBilling\src\main\resources
2019-09-21 13:45:22,088 [Worker-23] INFO  o.e.m.c.i.embedder.EclipseLogger - Using 'UTF-8' encoding to copy filtered resources.
2019-09-21 13:45:22,088 [Worker-23] INFO  o.e.m.c.i.embedder.EclipseLogger - skip non existing resourceDirectory C:\Users\SHweta\Desktop\workbenchEclipse\HotelBilling\src\test\resources
2019-09-21 13:46:18,267 [Worker-23] INFO  o.e.m.c.i.embedder.EclipseLogger - Using 'UTF-8' encoding to copy filtered resources.
2019-09-21 13:46:18,267 [Worker-23] INFO  o.e.m.c.i.embedder.EclipseLogger - skip non existing resourceDirectory C:\Users\SHweta\Desktop\workbenchEclipse\HotelBilling\src\main\resources
2019-09-21 13:46:18,267 [Worker-23] INFO  o.e.m.c.i.embedder.EclipseLogger - Using 'UTF-8' encoding to copy filtered resources.
2019-09-21 13:46:18,267 [Worker-23] INFO  o.e.m.c.i.embedder.EclipseLogger - skip non existing resourceDirectory C:\Users\SHweta\Desktop\workbenchEclipse\HotelBilling\src\test\resources
2019-09-21 13:50:12,125 [Worker-20] INFO  o.e.m.c.i.embedder.EclipseLogger - Using 'UTF-8' encoding to copy filtered resources.
2019-09-21 13:50:12,140 [Worker-20] INFO  o.e.m.c.i.embedder.EclipseLogger - skip non existing resourceDirectory C:\Users\SHweta\Desktop\workbenchEclipse\HotelBilling\src\main\resources
2019-09-21 13:50:12,171 [Worker-20] INFO  o.e.m.c.i.embedder.EclipseLogger - Using 'UTF-8' encoding to copy filtered resources.
2019-09-21 13:50:12,171 [Worker-20] INFO  o.e.m.c.i.embedder.EclipseLogger - skip non existing resourceDirectory C:\Users\SHweta\Desktop\workbenchEclipse\HotelBilling\src\test\resources
2019-09-21 13:53:32,516 [Worker-27] INFO  o.e.m.c.i.embedder.EclipseLogger - Using 'UTF-8' encoding to copy filtered resources.
2019-09-21 13:53:32,516 [Worker-27] INFO  o.e.m.c.i.embedder.EclipseLogger - skip non existing resourceDirectory C:\Users\SHweta\Desktop\workbenchEclipse\HotelBilling\src\main\resources
2019-09-21 13:53:32,531 [Worker-27] INFO  o.e.m.c.i.embedder.EclipseLogger - Using 'UTF-8' encoding to copy filtered resources.
2019-09-21 13:53:32,531 [Worker-27] INFO  o.e.m.c.i.embedder.EclipseLogger - skip non existing resourceDirectory C:\Users\SHweta\Desktop\workbenchEclipse\HotelBilling\src\test\resources
2019-09-21 13:58:46,258 [Worker-27] INFO  o.e.m.c.i.embedder.EclipseLogger - Using 'UTF-8' encoding to copy filtered resources.
2019-09-21 13:58:46,278 [Worker-27] INFO  o.e.m.c.i.embedder.EclipseLogger - skip non existing resourceDirectory C:\Users\SHweta\Desktop\workbenchEclipse\HotelBilling\src\main\resources
2019-09-21 13:58:46,299 [Worker-27] INFO  o.e.m.c.i.embedder.EclipseLogger - Using 'UTF-8' encoding to copy filtered resources.
2019-09-21 13:58:46,300 [Worker-27] INFO  o.e.m.c.i.embedder.EclipseLogger - skip non existing resourceDirectory C:\Users\SHweta\Desktop\workbenchEclipse\HotelBilling\src\test\resources
2019-09-21 14:02:53,542 [Worker-30] INFO  o.e.m.c.i.embedder.EclipseLogger - Using 'UTF-8' encoding to copy filtered resources.
2019-09-21 14:02:53,543 [Worker-30] INFO  o.e.m.c.i.embedder.EclipseLogger - skip non existing resourceDirectory C:\Users\SHweta\Desktop\workbenchEclipse\HotelBilling\src\main\resources
2019-09-21 14:02:53,545 [Worker-30] INFO  o.e.m.c.i.embedder.EclipseLogger - Using 'UTF-8' encoding to copy filtered resources.
2019-09-21 14:02:53,545 [Worker-30] INFO  o.e.m.c.i.embedder.EclipseLogger - skip non existing resourceDirectory C:\Users\SHweta\Desktop\workbenchEclipse\HotelBilling\src\test\resources
2019-09-21 14:03:05,622 [Worker-27] INFO  o.e.m.c.i.embedder.EclipseLogger - Using 'UTF-8' encoding to copy filtered resources.
2019-09-21 14:03:05,645 [Worker-27] INFO  o.e.m.c.i.embedder.EclipseLogger - skip non existing resourceDirectory C:\Users\SHweta\Desktop\workbenchEclipse\HotelBilling\src\main\resources
2019-09-21 14:03:05,689 [Worker-27] INFO  o.e.m.c.i.embedder.EclipseLogger - Using 'UTF-8' encoding to copy filtered resources.
2019-09-21 14:03:05,689 [Worker-27] INFO  o.e.m.c.i.embedder.EclipseLogger - skip non existing resourceDirectory C:\Users\SHweta\Desktop\workbenchEclipse\HotelBilling\src\test\resources
2019-09-21 14:05:01,394 [Worker-29] INFO  o.e.m.c.i.embedder.EclipseLogger - Using 'UTF-8' encoding to copy filtered resources.
2019-09-21 14:05:01,394 [Worker-29] INFO  o.e.m.c.i.embedder.EclipseLogger - skip non existing resourceDirectory C:\Users\SHweta\Desktop\workbenchEclipse\HotelBilling\src\main\resources
2019-09-21 14:05:01,470 [Worker-29] INFO  o.e.m.c.i.embedder.EclipseLogger - Using 'UTF-8' encoding to copy filtered resources.
2019-09-21 14:05:01,471 [Worker-29] INFO  o.e.m.c.i.embedder.EclipseLogger - skip non existing resourceDirectory C:\Users\SHweta\Desktop\workbenchEclipse\HotelBilling\src\test\resources
2019-09-21 14:08:23,796 [Worker-30] INFO  o.e.m.c.i.embedder.EclipseLogger - Using 'UTF-8' encoding to copy filtered resources.
2019-09-21 14:08:23,816 [Worker-30] INFO  o.e.m.c.i.embedder.EclipseLogger - skip non existing resourceDirectory C:\Users\SHweta\Desktop\workbenchEclipse\HotelBilling\src\main\resources
2019-09-21 14:08:23,836 [Worker-30] INFO  o.e.m.c.i.embedder.EclipseLogger - Using 'UTF-8' encoding to copy filtered resources.
2019-09-21 14:08:23,836 [Worker-30] INFO  o.e.m.c.i.embedder.EclipseLogger - skip non existing resourceDirectory C:\Users\SHweta\Desktop\workbenchEclipse\HotelBilling\src\test\resources
2019-09-21 14:09:42,423 [Worker-30] INFO  o.e.m.c.i.embedder.EclipseLogger - Using 'UTF-8' encoding to copy filtered resources.
2019-09-21 14:09:42,425 [Worker-30] INFO  o.e.m.c.i.embedder.EclipseLogger - skip non existing resourceDirectory C:\Users\SHweta\Desktop\workbenchEclipse\HotelBilling\src\main\resources
2019-09-21 14:09:42,436 [Worker-30] INFO  o.e.m.c.i.embedder.EclipseLogger - Using 'UTF-8' encoding to copy filtered resources.
2019-09-21 14:09:42,444 [Worker-30] INFO  o.e.m.c.i.embedder.EclipseLogger - skip non existing resourceDirectory C:\Users\SHweta\Desktop\workbenchEclipse\HotelBilling\src\test\resources
2019-09-21 14:10:08,618 [Worker-29] INFO  o.e.m.c.i.embedder.EclipseLogger - Using 'UTF-8' encoding to copy filtered resources.
2019-09-21 14:10:08,656 [Worker-29] INFO  o.e.m.c.i.embedder.EclipseLogger - skip non existing resourceDirectory C:\Users\SHweta\Desktop\workbenchEclipse\HotelBilling\src\main\resources
2019-09-21 14:10:08,675 [Worker-29] INFO  o.e.m.c.i.embedder.EclipseLogger - Using 'UTF-8' encoding to copy filtered resources.
2019-09-21 14:10:08,675 [Worker-29] INFO  o.e.m.c.i.embedder.EclipseLogger - skip non existing resourceDirectory C:\Users\SHweta\Desktop\workbenchEclipse\HotelBilling\src\test\resources
2019-09-21 14:10:42,815 [Worker-33] INFO  o.e.m.c.i.embedder.EclipseLogger - Using 'UTF-8' encoding to copy filtered resources.
2019-09-21 14:10:42,820 [Worker-33] INFO  o.e.m.c.i.embedder.EclipseLogger - skip non existing resourceDirectory C:\Users\SHweta\Desktop\workbenchEclipse\HotelBilling\src\main\resources
2019-09-21 14:10:42,822 [Worker-33] INFO  o.e.m.c.i.embedder.EclipseLogger - Using 'UTF-8' encoding to copy filtered resources.
2019-09-21 14:10:42,822 [Worker-33] INFO  o.e.m.c.i.embedder.EclipseLogger - skip non existing resourceDirectory C:\Users\SHweta\Desktop\workbenchEclipse\HotelBilling\src\test\resources
2019-09-21 14:12:01,493 [Worker-33] INFO  o.e.m.c.i.embedder.EclipseLogger - Using 'UTF-8' encoding to copy filtered resources.
2019-09-21 14:12:01,516 [Worker-33] INFO  o.e.m.c.i.embedder.EclipseLogger - skip non existing resourceDirectory C:\Users\SHweta\Desktop\workbenchEclipse\HotelBilling\src\main\resources
2019-09-21 14:12:01,544 [Worker-33] INFO  o.e.m.c.i.embedder.EclipseLogger - Using 'UTF-8' encoding to copy filtered resources.
2019-09-21 14:12:01,545 [Worker-33] INFO  o.e.m.c.i.embedder.EclipseLogger - skip non existing resourceDirectory C:\Users\SHweta\Desktop\workbenchEclipse\HotelBilling\src\test\resources
2019-09-21 14:13:20,115 [Worker-31] INFO  o.e.m.c.i.embedder.EclipseLogger - Using 'UTF-8' encoding to copy filtered resources.
2019-09-21 14:13:20,115 [Worker-31] INFO  o.e.m.c.i.embedder.EclipseLogger - skip non existing resourceDirectory C:\Users\SHweta\Desktop\workbenchEclipse\HotelBilling\src\main\resources
2019-09-21 14:13:20,118 [Worker-31] INFO  o.e.m.c.i.embedder.EclipseLogger - Using 'UTF-8' encoding to copy filtered resources.
2019-09-21 14:13:20,119 [Worker-31] INFO  o.e.m.c.i.embedder.EclipseLogger - skip non existing resourceDirectory C:\Users\SHweta\Desktop\workbenchEclipse\HotelBilling\src\test\resources
2019-09-21 14:13:57,208 [Worker-30] INFO  o.e.m.c.i.embedder.EclipseLogger - Using 'UTF-8' encoding to copy filtered resources.
2019-09-21 14:13:57,225 [Worker-30] INFO  o.e.m.c.i.embedder.EclipseLogger - skip non existing resourceDirectory C:\Users\SHweta\Desktop\workbenchEclipse\HotelBilling\src\main\resources
2019-09-21 14:13:57,241 [Worker-30] INFO  o.e.m.c.i.embedder.EclipseLogger - Using 'UTF-8' encoding to copy filtered resources.
2019-09-21 14:13:57,242 [Worker-30] INFO  o.e.m.c.i.embedder.EclipseLogger - skip non existing resourceDirectory C:\Users\SHweta\Desktop\workbenchEclipse\HotelBilling\src\test\resources
2019-09-21 14:15:08,848 [Worker-30] INFO  o.e.m.c.i.embedder.EclipseLogger - Using 'UTF-8' encoding to copy filtered resources.
2019-09-21 14:15:08,849 [Worker-30] INFO  o.e.m.c.i.embedder.EclipseLogger - skip non existing resourceDirectory C:\Users\SHweta\Desktop\workbenchEclipse\HotelBilling\src\main\resources
2019-09-21 14:15:08,851 [Worker-30] INFO  o.e.m.c.i.embedder.EclipseLogger - Using 'UTF-8' encoding to copy filtered resources.
2019-09-21 14:15:08,851 [Worker-30] INFO  o.e.m.c.i.embedder.EclipseLogger - skip non existing resourceDirectory C:\Users\SHweta\Desktop\workbenchEclipse\HotelBilling\src\test\resources
2019-09-21 14:16:21,363 [Worker-34] INFO  o.e.m.c.i.embedder.EclipseLogger - Using 'UTF-8' encoding to copy filtered resources.
2019-09-21 14:16:21,379 [Worker-34] INFO  o.e.m.c.i.embedder.EclipseLogger - skip non existing resourceDirectory C:\Users\SHweta\Desktop\workbenchEclipse\HotelBilling\src\main\resources
2019-09-21 14:16:21,400 [Worker-34] INFO  o.e.m.c.i.embedder.EclipseLogger - Using 'UTF-8' encoding to copy filtered resources.
2019-09-21 14:16:21,400 [Worker-34] INFO  o.e.m.c.i.embedder.EclipseLogger - skip non existing resourceDirectory C:\Users\SHweta\Desktop\workbenchEclipse\HotelBilling\src\test\resources
2019-09-21 14:16:46,419 [Worker-20] INFO  o.e.m.c.i.embedder.EclipseLogger - Using 'UTF-8' encoding to copy filtered resources.
2019-09-21 14:16:46,419 [Worker-20] INFO  o.e.m.c.i.embedder.EclipseLogger - skip non existing resourceDirectory C:\Users\SHweta\Desktop\workbenchEclipse\HotelBilling\src\main\resources
2019-09-21 14:16:46,469 [Worker-20] INFO  o.e.m.c.i.embedder.EclipseLogger - Using 'UTF-8' encoding to copy filtered resources.
2019-09-21 14:16:46,469 [Worker-20] INFO  o.e.m.c.i.embedder.EclipseLogger - skip non existing resourceDirectory C:\Users\SHweta\Desktop\workbenchEclipse\HotelBilling\src\test\resources
2019-09-21 14:18:18,519 [Worker-34] INFO  o.e.m.c.i.embedder.EclipseLogger - Using 'UTF-8' encoding to copy filtered resources.
2019-09-21 14:18:18,545 [Worker-34] INFO  o.e.m.c.i.embedder.EclipseLogger - skip non existing resourceDirectory C:\Users\SHweta\Desktop\workbenchEclipse\HotelBilling\src\main\resources
2019-09-21 14:18:18,567 [Worker-34] INFO  o.e.m.c.i.embedder.EclipseLogger - Using 'UTF-8' encoding to copy filtered resources.
2019-09-21 14:18:18,568 [Worker-34] INFO  o.e.m.c.i.embedder.EclipseLogger - skip non existing resourceDirectory C:\Users\SHweta\Desktop\workbenchEclipse\HotelBilling\src\test\resources
2019-09-21 14:18:28,080 [Worker-30] INFO  o.e.m.c.i.embedder.EclipseLogger - Using 'UTF-8' encoding to copy filtered resources.
2019-09-21 14:18:28,081 [Worker-30] INFO  o.e.m.c.i.embedder.EclipseLogger - skip non existing resourceDirectory C:\Users\SHweta\Desktop\workbenchEclipse\HotelBilling\src\main\resources
2019-09-21 14:18:28,082 [Worker-30] INFO  o.e.m.c.i.embedder.EclipseLogger - Using 'UTF-8' encoding to copy filtered resources.
2019-09-21 14:18:28,083 [Worker-30] INFO  o.e.m.c.i.embedder.EclipseLogger - skip non existing resourceDirectory C:\Users\SHweta\Desktop\workbenchEclipse\HotelBilling\src\test\resources
2019-09-21 14:18:47,403 [Worker-20] INFO  o.e.m.c.i.embedder.EclipseLogger - Using 'UTF-8' encoding to copy filtered resources.
2019-09-21 14:18:47,422 [Worker-20] INFO  o.e.m.c.i.embedder.EclipseLogger - skip non existing resourceDirectory C:\Users\SHweta\Desktop\workbenchEclipse\HotelBilling\src\main\resources
2019-09-21 14:18:47,439 [Worker-20] INFO  o.e.m.c.i.embedder.EclipseLogger - Using 'UTF-8' encoding to copy filtered resources.
2019-09-21 14:18:47,439 [Worker-20] INFO  o.e.m.c.i.embedder.EclipseLogger - skip non existing resourceDirectory C:\Users\SHweta\Desktop\workbenchEclipse\HotelBilling\src\test\resources
2019-09-21 14:19:30,270 [Worker-32] INFO  o.e.m.c.i.embedder.EclipseLogger - Using 'UTF-8' encoding to copy filtered resources.
2019-09-21 14:19:30,270 [Worker-32] INFO  o.e.m.c.i.embedder.EclipseLogger - skip non existing resourceDirectory C:\Users\SHweta\Desktop\workbenchEclipse\HotelBilling\src\main\resources
2019-09-21 14:19:30,270 [Worker-32] INFO  o.e.m.c.i.embedder.EclipseLogger - Using 'UTF-8' encoding to copy filtered resources.
2019-09-21 14:19:30,270 [Worker-32] INFO  o.e.m.c.i.embedder.EclipseLogger - skip non existing resourceDirectory C:\Users\SHweta\Desktop\workbenchEclipse\HotelBilling\src\test\resources
2019-09-21 14:19:44,551 [Worker-26] INFO  o.e.m.c.i.embedder.EclipseLogger - Using 'UTF-8' encoding to copy filtered resources.
2019-09-21 14:19:44,582 [Worker-26] INFO  o.e.m.c.i.embedder.EclipseLogger - skip non existing resourceDirectory C:\Users\SHweta\Desktop\workbenchEclipse\HotelBilling\src\main\resources
2019-09-21 14:19:44,613 [Worker-26] INFO  o.e.m.c.i.embedder.EclipseLogger - Using 'UTF-8' encoding to copy filtered resources.
2019-09-21 14:19:44,613 [Worker-26] INFO  o.e.m.c.i.embedder.EclipseLogger - skip non existing resourceDirectory C:\Users\SHweta\Desktop\workbenchEclipse\HotelBilling\src\test\resources
2019-09-21 14:19:54,552 [Worker-26] INFO  o.e.m.c.i.embedder.EclipseLogger - Using 'UTF-8' encoding to copy filtered resources.
2019-09-21 14:19:54,552 [Worker-26] INFO  o.e.m.c.i.embedder.EclipseLogger - skip non existing resourceDirectory C:\Users\SHweta\Desktop\workbenchEclipse\HotelBilling\src\main\resources
2019-09-21 14:19:54,567 [Worker-26] INFO  o.e.m.c.i.embedder.EclipseLogger - Using 'UTF-8' encoding to copy filtered resources.
2019-09-21 14:19:54,567 [Worker-26] INFO  o.e.m.c.i.embedder.EclipseLogger - skip non existing resourceDirectory C:\Users\SHweta\Desktop\workbenchEclipse\HotelBilling\src\test\resources
2019-09-21 14:20:55,518 [Worker-29] INFO  o.e.m.c.i.embedder.EclipseLogger - Using 'UTF-8' encoding to copy filtered resources.
2019-09-21 14:20:55,675 [Worker-29] INFO  o.e.m.c.i.embedder.EclipseLogger - skip non existing resourceDirectory C:\Users\SHweta\Desktop\workbenchEclipse\HotelBilling\src\main\resources
2019-09-21 14:20:55,737 [Worker-29] INFO  o.e.m.c.i.embedder.EclipseLogger - Using 'UTF-8' encoding to copy filtered resources.
2019-09-21 14:20:55,831 [Worker-29] INFO  o.e.m.c.i.embedder.EclipseLogger - skip non existing resourceDirectory C:\Users\SHweta\Desktop\workbenchEclipse\HotelBilling\src\test\resources
2019-09-21 14:22:12,085 [Worker-26] INFO  o.e.m.c.i.embedder.EclipseLogger - Using 'UTF-8' encoding to copy filtered resources.
2019-09-21 14:22:12,085 [Worker-26] INFO  o.e.m.c.i.embedder.EclipseLogger - skip non existing resourceDirectory C:\Users\SHweta\Desktop\workbenchEclipse\HotelBilling\src\main\resources
2019-09-21 14:22:12,101 [Worker-26] INFO  o.e.m.c.i.embedder.EclipseLogger - Using 'UTF-8' encoding to copy filtered resources.
2019-09-21 14:22:12,101 [Worker-26] INFO  o.e.m.c.i.embedder.EclipseLogger - skip non existing resourceDirectory C:\Users\SHweta\Desktop\workbenchEclipse\HotelBilling\src\test\resources
2019-09-21 14:24:17,321 [Worker-34] INFO  o.e.m.c.i.embedder.EclipseLogger - Using 'UTF-8' encoding to copy filtered resources.
2019-09-21 14:24:17,337 [Worker-34] INFO  o.e.m.c.i.embedder.EclipseLogger - skip non existing resourceDirectory C:\Users\SHweta\Desktop\workbenchEclipse\HotelBilling\src\main\resources
2019-09-21 14:24:17,353 [Worker-34] INFO  o.e.m.c.i.embedder.EclipseLogger - Using 'UTF-8' encoding to copy filtered resources.
2019-09-21 14:24:17,353 [Worker-34] INFO  o.e.m.c.i.embedder.EclipseLogger - skip non existing resourceDirectory C:\Users\SHweta\Desktop\workbenchEclipse\HotelBilling\src\test\resources
2019-09-21 14:29:54,974 [Worker-30] INFO  o.e.m.c.i.embedder.EclipseLogger - Using 'UTF-8' encoding to copy filtered resources.
2019-09-21 14:29:54,974 [Worker-30] INFO  o.e.m.c.i.embedder.EclipseLogger - skip non existing resourceDirectory C:\Users\SHweta\Desktop\workbenchEclipse\HotelBilling\src\main\resources
2019-09-21 14:29:54,974 [Worker-30] INFO  o.e.m.c.i.embedder.EclipseLogger - Using 'UTF-8' encoding to copy filtered resources.
2019-09-21 14:29:54,974 [Worker-30] INFO  o.e.m.c.i.embedder.EclipseLogger - skip non existing resourceDirectory C:\Users\SHweta\Desktop\workbenchEclipse\HotelBilling\src\test\resources
2019-09-21 14:48:09,666 [Worker-42] INFO  o.e.m.c.i.embedder.EclipseLogger - Using 'UTF-8' encoding to copy filtered resources.
2019-09-21 14:48:09,666 [Worker-42] INFO  o.e.m.c.i.embedder.EclipseLogger - skip non existing resourceDirectory C:\Users\SHweta\Desktop\workbenchEclipse\HotelBilling\src\main\resources
2019-09-21 14:48:09,682 [Worker-42] INFO  o.e.m.c.i.embedder.EclipseLogger - Using 'UTF-8' encoding to copy filtered resources.
2019-09-21 14:48:09,682 [Worker-42] INFO  o.e.m.c.i.embedder.EclipseLogger - skip non existing resourceDirectory C:\Users\SHweta\Desktop\workbenchEclipse\HotelBilling\src\test\resources
2019-09-21 14:51:01,014 [Worker-45] INFO  o.e.m.c.i.embedder.EclipseLogger - Using 'UTF-8' encoding to copy filtered resources.
2019-09-21 14:51:01,014 [Worker-45] INFO  o.e.m.c.i.embedder.EclipseLogger - skip non existing resourceDirectory C:\Users\SHweta\Desktop\workbenchEclipse\HotelBilling\src\main\resources
2019-09-21 14:51:01,014 [Worker-45] INFO  o.e.m.c.i.embedder.EclipseLogger - Using 'UTF-8' encoding to copy filtered resources.
2019-09-21 14:51:01,029 [Worker-45] INFO  o.e.m.c.i.embedder.EclipseLogger - skip non existing resourceDirectory C:\Users\SHweta\Desktop\workbenchEclipse\HotelBilling\src\test\resources
2019-09-21 14:52:30,982 [Worker-41] INFO  o.e.m.c.i.embedder.EclipseLogger - Using 'UTF-8' encoding to copy filtered resources.
2019-09-21 14:52:30,997 [Worker-41] INFO  o.e.m.c.i.embedder.EclipseLogger - skip non existing resourceDirectory C:\Users\SHweta\Desktop\workbenchEclipse\HotelBilling\src\main\resources
2019-09-21 14:52:31,013 [Worker-41] INFO  o.e.m.c.i.embedder.EclipseLogger - Using 'UTF-8' encoding to copy filtered resources.
2019-09-21 14:52:31,013 [Worker-41] INFO  o.e.m.c.i.embedder.EclipseLogger - skip non existing resourceDirectory C:\Users\SHweta\Desktop\workbenchEclipse\HotelBilling\src\test\resources
2019-09-21 14:53:48,674 [Worker-44] INFO  o.e.m.c.i.embedder.EclipseLogger - Using 'UTF-8' encoding to copy filtered resources.
2019-09-21 14:53:48,674 [Worker-44] INFO  o.e.m.c.i.embedder.EclipseLogger - skip non existing resourceDirectory C:\Users\SHweta\Desktop\workbenchEclipse\HotelBilling\src\main\resources
2019-09-21 14:53:48,674 [Worker-44] INFO  o.e.m.c.i.embedder.EclipseLogger - Using 'UTF-8' encoding to copy filtered resources.
2019-09-21 14:53:48,674 [Worker-44] INFO  o.e.m.c.i.embedder.EclipseLogger - skip non existing resourceDirectory C:\Users\SHweta\Desktop\workbenchEclipse\HotelBilling\src\test\resources
2019-09-21 14:54:21,639 [Worker-45] INFO  o.e.m.c.i.embedder.EclipseLogger - Using 'UTF-8' encoding to copy filtered resources.
2019-09-21 14:54:21,655 [Worker-45] INFO  o.e.m.c.i.embedder.EclipseLogger - skip non existing resourceDirectory C:\Users\SHweta\Desktop\workbenchEclipse\HotelBilling\src\main\resources
2019-09-21 14:54:21,670 [Worker-45] INFO  o.e.m.c.i.embedder.EclipseLogger - Using 'UTF-8' encoding to copy filtered resources.
2019-09-21 14:54:21,670 [Worker-45] INFO  o.e.m.c.i.embedder.EclipseLogger - skip non existing resourceDirectory C:\Users\SHweta\Desktop\workbenchEclipse\HotelBilling\src\test\resources
2019-09-21 14:56:59,862 [Worker-47] INFO  o.e.m.c.i.embedder.EclipseLogger - Using 'UTF-8' encoding to copy filtered resources.
2019-09-21 14:56:59,862 [Worker-47] INFO  o.e.m.c.i.embedder.EclipseLogger - skip non existing resourceDirectory C:\Users\SHweta\Desktop\workbenchEclipse\HotelBilling\src\main\resources
2019-09-21 14:56:59,862 [Worker-47] INFO  o.e.m.c.i.embedder.EclipseLogger - Using 'UTF-8' encoding to copy filtered resources.
2019-09-21 14:56:59,862 [Worker-47] INFO  o.e.m.c.i.embedder.EclipseLogger - skip non existing resourceDirectory C:\Users\SHweta\Desktop\workbenchEclipse\HotelBilling\src\test\resources
2019-09-21 15:13:17,067 [Worker-44] INFO  o.e.m.c.i.embedder.EclipseLogger - Using 'UTF-8' encoding to copy filtered resources.
2019-09-21 15:13:17,067 [Worker-44] INFO  o.e.m.c.i.embedder.EclipseLogger - skip non existing resourceDirectory C:\Users\SHweta\Desktop\workbenchEclipse\HotelBilling\src\main\resources
2019-09-21 15:13:17,098 [Worker-44] INFO  o.e.m.c.i.embedder.EclipseLogger - Using 'UTF-8' encoding to copy filtered resources.
2019-09-21 15:13:17,098 [Worker-44] INFO  o.e.m.c.i.embedder.EclipseLogger - skip non existing resourceDirectory C:\Users\SHweta\Desktop\workbenchEclipse\HotelBilling\src\test\resources
2019-09-21 15:13:39,037 [Worker-48] INFO  o.e.m.c.i.embedder.EclipseLogger - Using 'UTF-8' encoding to copy filtered resources.
2019-09-21 15:13:39,037 [Worker-48] INFO  o.e.m.c.i.embedder.EclipseLogger - skip non existing resourceDirectory C:\Users\SHweta\Desktop\workbenchEclipse\HotelBilling\src\main\resources
2019-09-21 15:13:39,037 [Worker-48] INFO  o.e.m.c.i.embedder.EclipseLogger - Using 'UTF-8' encoding to copy filtered resources.
2019-09-21 15:13:39,037 [Worker-48] INFO  o.e.m.c.i.embedder.EclipseLogger - skip non existing resourceDirectory C:\Users\SHweta\Desktop\workbenchEclipse\HotelBilling\src\test\resources
2019-09-21 15:14:05,435 [Worker-49] INFO  o.e.m.c.i.embedder.EclipseLogger - Using 'UTF-8' encoding to copy filtered resources.
2019-09-21 15:14:05,435 [Worker-49] INFO  o.e.m.c.i.embedder.EclipseLogger - skip non existing resourceDirectory C:\Users\SHweta\Desktop\workbenchEclipse\HotelBilling\src\main\resources
2019-09-21 15:14:05,466 [Worker-49] INFO  o.e.m.c.i.embedder.EclipseLogger - Using 'UTF-8' encoding to copy filtered resources.
2019-09-21 15:14:05,466 [Worker-49] INFO  o.e.m.c.i.embedder.EclipseLogger - skip non existing resourceDirectory C:\Users\SHweta\Desktop\workbenchEclipse\HotelBilling\src\test\resources
2019-09-21 15:33:01,370 [Worker-51] INFO  o.e.m.c.i.embedder.EclipseLogger - Using 'UTF-8' encoding to copy filtered resources.
2019-09-21 15:33:01,370 [Worker-51] INFO  o.e.m.c.i.embedder.EclipseLogger - skip non existing resourceDirectory C:\Users\SHweta\Desktop\workbenchEclipse\HotelBilling\src\main\resources
2019-09-21 15:33:01,385 [Worker-51] INFO  o.e.m.c.i.embedder.EclipseLogger - Using 'UTF-8' encoding to copy filtered resources.
2019-09-21 15:33:01,385 [Worker-51] INFO  o.e.m.c.i.embedder.EclipseLogger - skip non existing resourceDirectory C:\Users\SHweta\Desktop\workbenchEclipse\HotelBilling\src\test\resources
2019-09-21 15:51:43,392 [Worker-54] INFO  o.e.m.c.i.embedder.EclipseLogger - Using 'UTF-8' encoding to copy filtered resources.
2019-09-21 15:51:43,392 [Worker-54] INFO  o.e.m.c.i.embedder.EclipseLogger - skip non existing resourceDirectory C:\Users\SHweta\Desktop\workbenchEclipse\HotelBilling\src\main\resources
2019-09-21 15:51:43,408 [Worker-54] INFO  o.e.m.c.i.embedder.EclipseLogger - Using 'UTF-8' encoding to copy filtered resources.
2019-09-21 15:51:43,408 [Worker-54] INFO  o.e.m.c.i.embedder.EclipseLogger - skip non existing resourceDirectory C:\Users\SHweta\Desktop\workbenchEclipse\HotelBilling\src\test\resources
2019-09-21 15:53:18,252 [Worker-54] INFO  o.e.m.c.i.embedder.EclipseLogger - Using 'UTF-8' encoding to copy filtered resources.
2019-09-21 15:53:18,252 [Worker-54] INFO  o.e.m.c.i.embedder.EclipseLogger - skip non existing resourceDirectory C:\Users\SHweta\Desktop\workbenchEclipse\HotelBilling\src\main\resources
2019-09-21 15:53:18,252 [Worker-54] INFO  o.e.m.c.i.embedder.EclipseLogger - Using 'UTF-8' encoding to copy filtered resources.
2019-09-21 15:53:18,252 [Worker-54] INFO  o.e.m.c.i.embedder.EclipseLogger - skip non existing resourceDirectory C:\Users\SHweta\Desktop\workbenchEclipse\HotelBilling\src\test\resources
2019-09-21 15:56:02,729 [Worker-55] INFO  o.e.m.c.i.embedder.EclipseLogger - Using 'UTF-8' encoding to copy filtered resources.
2019-09-21 15:56:02,745 [Worker-55] INFO  o.e.m.c.i.embedder.EclipseLogger - skip non existing resourceDirectory C:\Users\SHweta\Desktop\workbenchEclipse\HotelBilling\src\main\resources
2019-09-21 15:56:02,807 [Worker-55] INFO  o.e.m.c.i.embedder.EclipseLogger - Using 'UTF-8' encoding to copy filtered resources.
2019-09-21 15:56:02,807 [Worker-55] INFO  o.e.m.c.i.embedder.EclipseLogger - skip non existing resourceDirectory C:\Users\SHweta\Desktop\workbenchEclipse\HotelBilling\src\test\resources
2019-09-21 16:00:52,980 [Worker-52] INFO  o.e.m.c.i.embedder.EclipseLogger - Using 'UTF-8' encoding to copy filtered resources.
2019-09-21 16:00:52,980 [Worker-52] INFO  o.e.m.c.i.embedder.EclipseLogger - skip non existing resourceDirectory C:\Users\SHweta\Desktop\workbenchEclipse\HotelBilling\src\main\resources
2019-09-21 16:00:52,995 [Worker-52] INFO  o.e.m.c.i.embedder.EclipseLogger - Using 'UTF-8' encoding to copy filtered resources.
2019-09-21 16:00:52,995 [Worker-52] INFO  o.e.m.c.i.embedder.EclipseLogger - skip non existing resourceDirectory C:\Users\SHweta\Desktop\workbenchEclipse\HotelBilling\src\test\resources
2019-09-21 16:11:04,738 [Worker-52] INFO  o.e.m.c.i.embedder.EclipseLogger - Using 'UTF-8' encoding to copy filtered resources.
2019-09-21 16:11:04,738 [Worker-52] INFO  o.e.m.c.i.embedder.EclipseLogger - skip non existing resourceDirectory C:\Users\SHweta\Desktop\workbenchEclipse\HotelBilling\src\main\resources
2019-09-21 16:11:04,769 [Worker-52] INFO  o.e.m.c.i.embedder.EclipseLogger - Using 'UTF-8' encoding to copy filtered resources.
2019-09-21 16:11:04,769 [Worker-52] INFO  o.e.m.c.i.embedder.EclipseLogger - skip non existing resourceDirectory C:\Users\SHweta\Desktop\workbenchEclipse\HotelBilling\src\test\resources
2019-09-21 16:17:09,454 [Worker-57] INFO  o.e.m.c.i.embedder.EclipseLogger - Using 'UTF-8' encoding to copy filtered resources.
2019-09-21 16:17:09,454 [Worker-57] INFO  o.e.m.c.i.embedder.EclipseLogger - skip non existing resourceDirectory C:\Users\SHweta\Desktop\workbenchEclipse\HotelBilling\src\main\resources
2019-09-21 16:17:09,454 [Worker-57] INFO  o.e.m.c.i.embedder.EclipseLogger - Using 'UTF-8' encoding to copy filtered resources.
2019-09-21 16:17:09,454 [Worker-57] INFO  o.e.m.c.i.embedder.EclipseLogger - skip non existing resourceDirectory C:\Users\SHweta\Desktop\workbenchEclipse\HotelBilling\src\test\resources
2019-09-21 16:19:11,515 [Worker-52] INFO  o.e.m.c.i.embedder.EclipseLogger - Using 'UTF-8' encoding to copy filtered resources.
2019-09-21 16:19:11,530 [Worker-52] INFO  o.e.m.c.i.embedder.EclipseLogger - skip non existing resourceDirectory C:\Users\SHweta\Desktop\workbenchEclipse\HotelBilling\src\main\resources
2019-09-21 16:19:11,561 [Worker-52] INFO  o.e.m.c.i.embedder.EclipseLogger - Using 'UTF-8' encoding to copy filtered resources.
2019-09-21 16:19:11,561 [Worker-52] INFO  o.e.m.c.i.embedder.EclipseLogger - skip non existing resourceDirectory C:\Users\SHweta\Desktop\workbenchEclipse\HotelBilling\src\test\resources
2019-09-21 16:22:30,610 [Worker-54] INFO  o.e.m.c.i.embedder.EclipseLogger - Using 'UTF-8' encoding to copy filtered resources.
2019-09-21 16:22:30,610 [Worker-54] INFO  o.e.m.c.i.embedder.EclipseLogger - skip non existing resourceDirectory C:\Users\SHweta\Desktop\workbenchEclipse\HotelBilling\src\main\resources
2019-09-21 16:22:30,610 [Worker-54] INFO  o.e.m.c.i.embedder.EclipseLogger - Using 'UTF-8' encoding to copy filtered resources.
2019-09-21 16:22:30,610 [Worker-54] INFO  o.e.m.c.i.embedder.EclipseLogger - skip non existing resourceDirectory C:\Users\SHweta\Desktop\workbenchEclipse\HotelBilling\src\test\resources
2019-09-21 16:24:19,785 [Worker-58] INFO  o.e.m.c.i.embedder.EclipseLogger - Using 'UTF-8' encoding to copy filtered resources.
2019-09-21 16:24:19,817 [Worker-58] INFO  o.e.m.c.i.embedder.EclipseLogger - skip non existing resourceDirectory C:\Users\SHweta\Desktop\workbenchEclipse\HotelBilling\src\main\resources
2019-09-21 16:24:19,832 [Worker-58] INFO  o.e.m.c.i.embedder.EclipseLogger - Using 'UTF-8' encoding to copy filtered resources.
2019-09-21 16:24:19,832 [Worker-58] INFO  o.e.m.c.i.embedder.EclipseLogger - skip non existing resourceDirectory C:\Users\SHweta\Desktop\workbenchEclipse\HotelBilling\src\test\resources
2019-09-21 16:25:13,159 [Worker-59] INFO  o.e.m.c.i.embedder.EclipseLogger - Using 'UTF-8' encoding to copy filtered resources.
2019-09-21 16:25:13,159 [Worker-59] INFO  o.e.m.c.i.embedder.EclipseLogger - skip non existing resourceDirectory C:\Users\SHweta\Desktop\workbenchEclipse\HotelBilling\src\main\resources
2019-09-21 16:25:13,174 [Worker-59] INFO  o.e.m.c.i.embedder.EclipseLogger - Using 'UTF-8' encoding to copy filtered resources.
2019-09-21 16:25:13,174 [Worker-59] INFO  o.e.m.c.i.embedder.EclipseLogger - skip non existing resourceDirectory C:\Users\SHweta\Desktop\workbenchEclipse\HotelBilling\src\test\resources
2019-09-21 16:25:18,159 [Worker-58] INFO  o.e.m.c.i.embedder.EclipseLogger - Using 'UTF-8' encoding to copy filtered resources.
2019-09-21 16:25:18,174 [Worker-58] INFO  o.e.m.c.i.embedder.EclipseLogger - skip non existing resourceDirectory C:\Users\SHweta\Desktop\workbenchEclipse\HotelBilling\src\main\resources
2019-09-21 16:25:18,190 [Worker-58] INFO  o.e.m.c.i.embedder.EclipseLogger - Using 'UTF-8' encoding to copy filtered resources.
2019-09-21 16:25:18,190 [Worker-58] INFO  o.e.m.c.i.embedder.EclipseLogger - skip non existing resourceDirectory C:\Users\SHweta\Desktop\workbenchEclipse\HotelBilling\src\test\resources
2019-09-21 16:26:19,115 [Worker-57] INFO  o.e.m.c.i.embedder.EclipseLogger - Using 'UTF-8' encoding to copy filtered resources.
2019-09-21 16:26:19,115 [Worker-57] INFO  o.e.m.c.i.embedder.EclipseLogger - skip non existing resourceDirectory C:\Users\SHweta\Desktop\workbenchEclipse\HotelBilling\src\main\resources
2019-09-21 16:26:19,130 [Worker-57] INFO  o.e.m.c.i.embedder.EclipseLogger - Using 'UTF-8' encoding to copy filtered resources.
2019-09-21 16:26:19,130 [Worker-57] INFO  o.e.m.c.i.embedder.EclipseLogger - skip non existing resourceDirectory C:\Users\SHweta\Desktop\workbenchEclipse\HotelBilling\src\test\resources
2019-09-21 16:26:54,792 [Worker-54] INFO  o.e.m.c.i.embedder.EclipseLogger - Using 'UTF-8' encoding to copy filtered resources.
2019-09-21 16:26:54,870 [Worker-54] INFO  o.e.m.c.i.embedder.EclipseLogger - skip non existing resourceDirectory C:\Users\SHweta\Desktop\workbenchEclipse\HotelBilling\src\main\resources
2019-09-21 16:26:54,886 [Worker-54] INFO  o.e.m.c.i.embedder.EclipseLogger - Using 'UTF-8' encoding to copy filtered resources.
2019-09-21 16:26:54,886 [Worker-54] INFO  o.e.m.c.i.embedder.EclipseLogger - skip non existing resourceDirectory C:\Users\SHweta\Desktop\workbenchEclipse\HotelBilling\src\test\resources
2019-09-21 16:30:12,297 [Worker-54] INFO  o.e.m.c.i.embedder.EclipseLogger - Using 'UTF-8' encoding to copy filtered resources.
2019-09-21 16:30:12,297 [Worker-54] INFO  o.e.m.c.i.embedder.EclipseLogger - skip non existing resourceDirectory C:\Users\SHweta\Desktop\workbenchEclipse\HotelBilling\src\main\resources
2019-09-21 16:30:12,312 [Worker-54] INFO  o.e.m.c.i.embedder.EclipseLogger - Using 'UTF-8' encoding to copy filtered resources.
2019-09-21 16:30:12,312 [Worker-54] INFO  o.e.m.c.i.embedder.EclipseLogger - skip non existing resourceDirectory C:\Users\SHweta\Desktop\workbenchEclipse\HotelBilling\src\test\resources
2019-09-21 16:31:12,600 [Worker-57] INFO  o.e.m.c.i.embedder.EclipseLogger - Using 'UTF-8' encoding to copy filtered resources.
2019-09-21 16:31:12,616 [Worker-57] INFO  o.e.m.c.i.embedder.EclipseLogger - skip non existing resourceDirectory C:\Users\SHweta\Desktop\workbenchEclipse\HotelBilling\src\main\resources
2019-09-21 16:31:12,631 [Worker-57] INFO  o.e.m.c.i.embedder.EclipseLogger - Using 'UTF-8' encoding to copy filtered resources.
2019-09-21 16:31:12,631 [Worker-57] INFO  o.e.m.c.i.embedder.EclipseLogger - skip non existing resourceDirectory C:\Users\SHweta\Desktop\workbenchEclipse\HotelBilling\src\test\resources
2019-09-21 16:37:16,013 [Worker-3] INFO  c.g.t.t.d.PublishedGradleVersions - Gradle version information cache is up-to-date. Trying to read.
